# JRE version: OpenJDK Runtime Environment Temurin-17.0.3+7 (17.0.3+7) (build 17.0.3+7)
# Java VM: OpenJDK 64-Bit Server VM Temurin-17.0.3+7 (17.0.3+7, mixed mode, sharing, tiered, compressed oops, compressed class ptrs, g1 gc, windows-amd64)
GC Precious Log:
 CPUs: 8 total, 8 available
 Memory: 16221M
 Large Page Support: Disabled
 NUMA Support: Disabled
 Compressed Oops: Enabled (32-bit)
 Heap Region Size: 1M
 Heap Min Capacity: 8M
 Heap Initial Capacity: 254M
 Heap Max Capacity: 2G
 Pre-touch: Disabled
 Parallel Workers: 8
 Concurrent Workers: 2
 Concurrent Refinement Workers: 8
 Periodic GC: Disabled
Heap:
 garbage-first heap   total 198656K, used 118501K [0x0000000080000000, 0x0000000100000000)
  region size 1024K, 6 young (6144K), 6 survivors (6144K)
 Metaspace       used 71154K, committed 71808K, reserved 1114112K
  class space    used 9754K, committed 10048K, reserved 1048576K
GC Heap History (20 events):
Event: 14.459 GC heap after
{Heap after GC invocations=17 (full 0):
 garbage-first heap   total 167936K, used 100072K [0x0000000080000000, 0x0000000100000000)
  region size 1024K, 4 young (4096K), 4 survivors (4096K)
 Metaspace       used 49195K, committed 49792K, reserved 1097728K
  class space    used 6759K, committed 7040K, reserved 1048576K
}
Event: 15.208 GC heap before
{Heap before GC invocations=17 (full 0):
 garbage-first heap   total 167936K, used 122600K [0x0000000080000000, 0x0000000100000000)
  region size 1024K, 26 young (26624K), 4 survivors (4096K)
 Metaspace       used 53058K, committed 53632K, reserved 1097728K
  class space    used 7229K, committed 7488K, reserved 1048576K
}
Event: 15.211 GC heap after
{Heap after GC invocations=18 (full 0):
 garbage-first heap   total 167936K, used 101024K [0x0000000080000000, 0x0000000100000000)
  region size 1024K, 1 young (1024K), 1 survivors (1024K)
 Metaspace       used 53058K, committed 53632K, reserved 1097728K
  class space    used 7229K, committed 7488K, reserved 1048576K
}
Event: 15.934 GC heap before
{Heap before GC invocations=19 (full 0):
 garbage-first heap   total 174080K, used 124576K [0x0000000080000000, 0x0000000100000000)
  region size 1024K, 25 young (25600K), 1 survivors (1024K)
 Metaspace       used 57637K, committed 58240K, reserved 1105920K
  class space    used 7826K, committed 8128K, reserved 1048576K
}
Event: 15.940 GC heap after
{Heap after GC invocations=20 (full 0):
 garbage-first heap   total 174080K, used 103550K [0x0000000080000000, 0x0000000100000000)
  region size 1024K, 4 young (4096K), 4 survivors (4096K)
 Metaspace       used 57637K, committed 58240K, reserved 1105920K
  class space    used 7826K, committed 8128K, reserved 1048576K
}
Event: 15.980 GC heap before
{Heap before GC invocations=20 (full 0):
 garbage-first heap   total 174080K, used 104574K [0x0000000080000000, 0x0000000100000000)
  region size 1024K, 6 young (6144K), 4 survivors (4096K)
 Metaspace       used 57667K, committed 58304K, reserved 1105920K
  class space    used 7831K, committed 8128K, reserved 1048576K
}
Event: 15.984 GC heap after
{Heap after GC invocations=21 (full 0):
 garbage-first heap   total 174080K, used 103590K [0x0000000080000000, 0x0000000100000000)
  region size 1024K, 1 young (1024K), 1 survivors (1024K)
 Metaspace       used 57667K, committed 58304K, reserved 1105920K
  class space    used 7831K, committed 8128K, reserved 1048576K
}
Event: 16.455 GC heap before
{Heap before GC invocations=22 (full 0):
 garbage-first heap   total 196608K, used 134310K [0x0000000080000000, 0x0000000100000000)
  region size 1024K, 25 young (25600K), 1 survivors (1024K)
 Metaspace       used 59165K, committed 59712K, reserved 1105920K
  class space    used 8027K, committed 8320K, reserved 1048576K
}
Event: 16.462 GC heap after
{Heap after GC invocations=23 (full 0):
 garbage-first heap   total 196608K, used 105641K [0x0000000080000000, 0x0000000100000000)
  region size 1024K, 3 young (3072K), 3 survivors (3072K)
 Metaspace       used 59165K, committed 59712K, reserved 1105920K
  class space    used 8027K, committed 8320K, reserved 1048576K
}
Event: 16.580 GC heap before
{Heap before GC invocations=23 (full 0):
 garbage-first heap   total 196608K, used 111785K [0x0000000080000000, 0x0000000100000000)
  region size 1024K, 9 young (9216K), 3 survivors (3072K)
 Metaspace       used 59683K, committed 60224K, reserved 1105920K
  class space    used 8097K, committed 8384K, reserved 1048576K
}
Event: 16.584 GC heap after
{Heap after GC invocations=24 (full 0):
 garbage-first heap   total 196608K, used 106236K [0x0000000080000000, 0x0000000100000000)
  region size 1024K, 1 young (1024K), 1 survivors (1024K)
 Metaspace       used 59683K, committed 60224K, reserved 1105920K
  class space    used 8097K, committed 8384K, reserved 1048576K
}
Event: 16.894 GC heap before
{Heap before GC invocations=24 (full 0):
 garbage-first heap   total 196608K, used 122620K [0x0000000080000000, 0x0000000100000000)
  region size 1024K, 18 young (18432K), 1 survivors (1024K)
 Metaspace       used 61028K, committed 61632K, reserved 1105920K
  class space    used 8235K, committed 8512K, reserved 1048576K
}
Event: 16.897 GC heap after
{Heap after GC invocations=25 (full 0):
 garbage-first heap   total 196608K, used 107518K [0x0000000080000000, 0x0000000100000000)
  region size 1024K, 2 young (2048K), 2 survivors (2048K)
 Metaspace       used 61028K, committed 61632K, reserved 1105920K
  class space    used 8235K, committed 8512K, reserved 1048576K
}
Event: 17.758 GC heap before
{Heap before GC invocations=26 (full 0):
 garbage-first heap   total 196608K, used 144382K [0x0000000080000000, 0x0000000100000000)
  region size 1024K, 37 young (37888K), 2 survivors (2048K)
 Metaspace       used 64339K, committed 64960K, reserved 1105920K
  class space    used 8661K, committed 8960K, reserved 1048576K
}
Event: 17.762 GC heap after
{Heap after GC invocations=27 (full 0):
 garbage-first heap   total 196608K, used 109471K [0x0000000080000000, 0x0000000100000000)
  region size 1024K, 4 young (4096K), 4 survivors (4096K)
 Metaspace       used 64339K, committed 64960K, reserved 1105920K
  class space    used 8661K, committed 8960K, reserved 1048576K
}
Event: 18.309 GC heap before
{Heap before GC invocations=27 (full 0):
 garbage-first heap   total 196608K, used 147359K [0x0000000080000000, 0x0000000100000000)
  region size 1024K, 41 young (41984K), 4 survivors (4096K)
 Metaspace       used 64908K, committed 65536K, reserved 1105920K
  class space    used 8730K, committed 9024K, reserved 1048576K
}
Event: 18.316 GC heap after
{Heap after GC invocations=28 (full 0):
 garbage-first heap   total 196608K, used 112353K [0x0000000080000000, 0x0000000100000000)
  region size 1024K, 6 young (6144K), 6 survivors (6144K)
 Metaspace       used 64908K, committed 65536K, reserved 1105920K
  class space    used 8730K, committed 9024K, reserved 1048576K
}
Event: 18.910 GC heap before
{Heap before GC invocations=29 (full 0):
 garbage-first heap   total 198656K, used 151265K [0x0000000080000000, 0x0000000100000000)
  region size 1024K, 44 young (45056K), 6 survivors (6144K)
 Metaspace       used 67315K, committed 67904K, reserved 1114112K
  class space    used 9080K, committed 9344K, reserved 1048576K
}
Event: 18.918 GC heap after
{Heap after GC invocations=30 (full 0):
 garbage-first heap   total 198656K, used 115418K [0x0000000080000000, 0x0000000100000000)
  region size 1024K, 6 young (6144K), 6 survivors (6144K)
 Metaspace       used 67315K, committed 67904K, reserved 1114112K
  class space    used 9080K, committed 9344K, reserved 1048576K
}
Event: 19.511 GC heap before
{Heap before GC invocations=30 (full 0):
 garbage-first heap   total 198656K, used 156378K [0x0000000080000000, 0x0000000100000000)
  region size 1024K, 46 young (47104K), 6 survivors (6144K)
 Metaspace       used 71154K, committed 71808K, reserved 1114112K
  class space    used 9754K, committed 10048K, reserved 1048576K
}

