# JRE version: OpenJDK Runtime Environment Temurin-17.0.3+7 (17.0.3+7) (build 17.0.3+7)
# Java VM: OpenJDK 64-Bit Server VM Temurin-17.0.3+7 (17.0.3+7, mixed mode, sharing, tiered, compressed oops, compressed class ptrs, g1 gc, windows-amd64)
GC Precious Log:
 CPUs: 8 total, 8 available
 Memory: 16221M
 Large Page Support: Disabled
 NUMA Support: Disabled
 Compressed Oops: Enabled (32-bit)
 Heap Region Size: 1M
 Heap Min Capacity: 8M
 Heap Initial Capacity: 254M
 Heap Max Capacity: 2G
 Pre-touch: Disabled
 Parallel Workers: 8
 Concurrent Workers: 2
 Concurrent Refinement Workers: 8
 Periodic GC: Disabled
Heap:
 garbage-first heap   total 198656K, used 108393K [0x0000000080000000, 0x0000000100000000)
  region size 1024K, 2 young (2048K), 2 survivors (2048K)
 Metaspace       used 90858K, committed 91520K, reserved 1130496K
  class space    used 12061K, committed 12352K, reserved 1048576K
GC Heap History (20 events):
Event: 16.275 GC heap after
{Heap after GC invocations=48 (full 0):
 garbage-first heap   total 153600K, used 94331K [0x0000000080000000, 0x0000000100000000)
  region size 1024K, 1 young (1024K), 1 survivors (1024K)
 Metaspace       used 79393K, committed 80000K, reserved 1122304K
  class space    used 10883K, committed 11200K, reserved 1048576K
}
Event: 16.850 GC heap before
{Heap before GC invocations=48 (full 0):
 garbage-first heap   total 153600K, used 117883K [0x0000000080000000, 0x0000000100000000)
  region size 1024K, 25 young (25600K), 1 survivors (1024K)
 Metaspace       used 79911K, committed 80512K, reserved 1122304K
  class space    used 10927K, committed 11200K, reserved 1048576K
}
Event: 16.857 GC heap after
{Heap after GC invocations=49 (full 0):
 garbage-first heap   total 198656K, used 97482K [0x0000000080000000, 0x0000000100000000)
  region size 1024K, 5 young (5120K), 5 survivors (5120K)
 Metaspace       used 79911K, committed 80512K, reserved 1122304K
  class space    used 10927K, committed 11200K, reserved 1048576K
}
Event: 17.911 GC heap before
{Heap before GC invocations=50 (full 0):
 garbage-first heap   total 198656K, used 155850K [0x0000000080000000, 0x0000000100000000)
  region size 1024K, 60 young (61440K), 5 survivors (5120K)
 Metaspace       used 84209K, committed 84864K, reserved 1122304K
  class space    used 11262K, committed 11584K, reserved 1048576K
}
Event: 17.918 GC heap after
{Heap after GC invocations=51 (full 0):
 garbage-first heap   total 198656K, used 100069K [0x0000000080000000, 0x0000000100000000)
  region size 1024K, 7 young (7168K), 7 survivors (7168K)
 Metaspace       used 84209K, committed 84864K, reserved 1122304K
  class space    used 11262K, committed 11584K, reserved 1048576K
}
Event: 17.935 GC heap before
{Heap before GC invocations=51 (full 0):
 garbage-first heap   total 198656K, used 102117K [0x0000000080000000, 0x0000000100000000)
  region size 1024K, 9 young (9216K), 7 survivors (7168K)
 Metaspace       used 84231K, committed 84928K, reserved 1122304K
  class space    used 11263K, committed 11584K, reserved 1048576K
}
Event: 17.942 GC heap after
{Heap after GC invocations=52 (full 0):
 garbage-first heap   total 198656K, used 99995K [0x0000000080000000, 0x0000000100000000)
  region size 1024K, 1 young (1024K), 1 survivors (1024K)
 Metaspace       used 84231K, committed 84928K, reserved 1122304K
  class space    used 11263K, committed 11584K, reserved 1048576K
}
Event: 18.043 GC heap before
{Heap before GC invocations=52 (full 0):
 garbage-first heap   total 198656K, used 106139K [0x0000000080000000, 0x0000000100000000)
  region size 1024K, 8 young (8192K), 1 survivors (1024K)
 Metaspace       used 84375K, committed 85056K, reserved 1130496K
  class space    used 11275K, committed 11584K, reserved 1048576K
}
Event: 18.045 GC heap after
{Heap after GC invocations=53 (full 0):
 garbage-first heap   total 198656K, used 99551K [0x0000000080000000, 0x0000000100000000)
  region size 1024K, 1 young (1024K), 1 survivors (1024K)
 Metaspace       used 84375K, committed 85056K, reserved 1130496K
  class space    used 11275K, committed 11584K, reserved 1048576K
}
Event: 19.420 GC heap before
{Heap before GC invocations=54 (full 0):
 garbage-first heap   total 198656K, used 181471K [0x0000000080000000, 0x0000000100000000)
  region size 1024K, 60 young (61440K), 1 survivors (1024K)
 Metaspace       used 86132K, committed 86784K, reserved 1130496K
  class space    used 11463K, committed 11776K, reserved 1048576K
}
Event: 19.424 GC heap after
{Heap after GC invocations=55 (full 0):
 garbage-first heap   total 198656K, used 102257K [0x0000000080000000, 0x0000000100000000)
  region size 1024K, 4 young (4096K), 4 survivors (4096K)
 Metaspace       used 86132K, committed 86784K, reserved 1130496K
  class space    used 11463K, committed 11776K, reserved 1048576K
}
Event: 19.499 GC heap before
{Heap before GC invocations=55 (full 0):
 garbage-first heap   total 198656K, used 106353K [0x0000000080000000, 0x0000000100000000)
  region size 1024K, 9 young (9216K), 4 survivors (4096K)
 Metaspace       used 86407K, committed 87040K, reserved 1130496K
  class space    used 11499K, committed 11840K, reserved 1048576K
}
Event: 19.502 GC heap after
{Heap after GC invocations=56 (full 0):
 garbage-first heap   total 198656K, used 99930K [0x0000000080000000, 0x0000000100000000)
  region size 1024K, 1 young (1024K), 1 survivors (1024K)
 Metaspace       used 86407K, committed 87040K, reserved 1130496K
  class space    used 11499K, committed 11840K, reserved 1048576K
}
Event: 20.201 GC heap before
{Heap before GC invocations=56 (full 0):
 garbage-first heap   total 198656K, used 160346K [0x0000000080000000, 0x0000000100000000)
  region size 1024K, 61 young (62464K), 1 survivors (1024K)
 Metaspace       used 90012K, committed 90624K, reserved 1130496K
  class space    used 11972K, committed 12288K, reserved 1048576K
}
Event: 20.207 GC heap after
{Heap after GC invocations=57 (full 0):
 garbage-first heap   total 198656K, used 104177K [0x0000000080000000, 0x0000000100000000)
  region size 1024K, 5 young (5120K), 5 survivors (5120K)
 Metaspace       used 90012K, committed 90624K, reserved 1130496K
  class space    used 11972K, committed 12288K, reserved 1048576K
}
Event: 20.925 GC heap before
{Heap before GC invocations=58 (full 0):
 garbage-first heap   total 198656K, used 161521K [0x0000000080000000, 0x0000000100000000)
  region size 1024K, 62 young (63488K), 5 survivors (5120K)
 Metaspace       used 90384K, committed 91072K, reserved 1130496K
  class space    used 12001K, committed 12352K, reserved 1048576K
}
Event: 20.935 GC heap after
{Heap after GC invocations=59 (full 0):
 garbage-first heap   total 198656K, used 109363K [0x0000000080000000, 0x0000000100000000)
  region size 1024K, 6 young (6144K), 6 survivors (6144K)
 Metaspace       used 90384K, committed 91072K, reserved 1130496K
  class space    used 12001K, committed 12352K, reserved 1048576K
}
Event: 20.954 GC heap before
{Heap before GC invocations=59 (full 0):
 garbage-first heap   total 198656K, used 112435K [0x0000000080000000, 0x0000000100000000)
  region size 1024K, 9 young (9216K), 6 survivors (6144K)
 Metaspace       used 90429K, committed 91072K, reserved 1130496K
  class space    used 12014K, committed 12352K, reserved 1048576K
}
Event: 20.960 GC heap after
{Heap after GC invocations=60 (full 0):
 garbage-first heap   total 198656K, used 107361K [0x0000000080000000, 0x0000000100000000)
  region size 1024K, 1 young (1024K), 1 survivors (1024K)
 Metaspace       used 90429K, committed 91072K, reserved 1130496K
  class space    used 12014K, committed 12352K, reserved 1048576K
}
Event: 21.513 GC heap before
{Heap before GC invocations=60 (full 0):
 garbage-first heap   total 198656K, used 162657K [0x0000000080000000, 0x0000000100000000)
  region size 1024K, 56 young (57344K), 1 survivors (1024K)
 Metaspace       used 90858K, committed 91520K, reserved 1130496K
  class space    used 12061K, committed 12352K, reserved 1048576K
}

