# JRE version: OpenJDK Runtime Environment Temurin-17.0.3+7 (17.0.3+7) (build 17.0.3+7)
# Java VM: OpenJDK 64-Bit Server VM Temurin-17.0.3+7 (17.0.3+7, mixed mode, sharing, tiered, compressed oops, compressed class ptrs, g1 gc, windows-amd64)
GC Precious Log:
 CPUs: 8 total, 8 available
 Memory: 16221M
 Large Page Support: Disabled
 NUMA Support: Disabled
 Compressed Oops: Enabled (32-bit)
 Heap Region Size: 1M
 Heap Min Capacity: 8M
 Heap Initial Capacity: 254M
 Heap Max Capacity: 2G
 Pre-touch: Disabled
 Parallel Workers: 8
 Concurrent Workers: 2
 Concurrent Refinement Workers: 8
 Periodic GC: Disabled
Heap:
 garbage-first heap   total 439296K, used 323583K [0x0000000080000000, 0x0000000100000000)
  region size 1024K, 8 young (8192K), 8 survivors (8192K)
 Metaspace       used 101672K, committed 102400K, reserved 1138688K
  class space    used 13757K, committed 14080K, reserved 1048576K
GC Heap History (20 events):
Event: 26.664 GC heap after
{Heap after GC invocations=30 (full 0):
 garbage-first heap   total 239616K, used 99920K [0x0000000080000000, 0x0000000100000000)
  region size 1024K, 3 young (3072K), 3 survivors (3072K)
 Metaspace       used 86362K, committed 87104K, reserved 1130496K
  class space    used 11821K, committed 12160K, reserved 1048576K
}
Event: 27.648 GC heap before
{Heap before GC invocations=30 (full 0):
 garbage-first heap   total 239616K, used 203344K [0x0000000080000000, 0x0000000100000000)
  region size 1024K, 98 young (100352K), 3 survivors (3072K)
 Metaspace       used 87878K, committed 88640K, reserved 1130496K
  class space    used 12030K, committed 12416K, reserved 1048576K
}
Event: 27.654 GC heap after
{Heap after GC invocations=31 (full 0):
 garbage-first heap   total 239616K, used 105795K [0x0000000080000000, 0x0000000100000000)
  region size 1024K, 6 young (6144K), 6 survivors (6144K)
 Metaspace       used 87878K, committed 88640K, reserved 1130496K
  class space    used 12030K, committed 12416K, reserved 1048576K
}
Event: 28.219 GC heap before
{Heap before GC invocations=31 (full 0):
 garbage-first heap   total 239616K, used 193859K [0x0000000080000000, 0x0000000100000000)
  region size 1024K, 87 young (89088K), 6 survivors (6144K)
 Metaspace       used 90727K, committed 91456K, reserved 1130496K
  class space    used 12240K, committed 12608K, reserved 1048576K
}
Event: 28.231 GC heap after
{Heap after GC invocations=32 (full 0):
 garbage-first heap   total 239616K, used 114968K [0x0000000080000000, 0x0000000100000000)
  region size 1024K, 11 young (11264K), 11 survivors (11264K)
 Metaspace       used 90727K, committed 91456K, reserved 1130496K
  class space    used 12240K, committed 12608K, reserved 1048576K
}
Event: 28.265 GC heap before
{Heap before GC invocations=32 (full 0):
 garbage-first heap   total 239616K, used 143640K [0x0000000080000000, 0x0000000100000000)
  region size 1024K, 12 young (12288K), 11 survivors (11264K)
 Metaspace       used 90728K, committed 91456K, reserved 1130496K
  class space    used 12240K, committed 12608K, reserved 1048576K
}
Event: 28.274 GC heap after
{Heap after GC invocations=33 (full 0):
 garbage-first heap   total 239616K, used 143829K [0x0000000080000000, 0x0000000100000000)
  region size 1024K, 6 young (6144K), 6 survivors (6144K)
 Metaspace       used 90728K, committed 91456K, reserved 1130496K
  class space    used 12240K, committed 12608K, reserved 1048576K
}
Event: 28.659 GC heap before
{Heap before GC invocations=34 (full 0):
 garbage-first heap   total 314368K, used 302549K [0x0000000080000000, 0x0000000100000000)
  region size 1024K, 48 young (49152K), 6 survivors (6144K)
 Metaspace       used 96269K, committed 97024K, reserved 1138688K
  class space    used 12948K, committed 13312K, reserved 1048576K
}
Event: 28.668 GC heap after
{Heap after GC invocations=35 (full 0):
 garbage-first heap   total 329728K, used 220448K [0x0000000080000000, 0x0000000100000000)
  region size 1024K, 8 young (8192K), 8 survivors (8192K)
 Metaspace       used 96269K, committed 97024K, reserved 1138688K
  class space    used 12948K, committed 13312K, reserved 1048576K
}
Event: 28.744 GC heap before
{Heap before GC invocations=35 (full 0):
 garbage-first heap   total 329728K, used 241952K [0x0000000080000000, 0x0000000100000000)
  region size 1024K, 16 young (16384K), 8 survivors (8192K)
 Metaspace       used 97302K, committed 98048K, reserved 1138688K
  class space    used 13098K, committed 13440K, reserved 1048576K
}
Event: 28.748 GC heap after
{Heap after GC invocations=36 (full 0):
 garbage-first heap   total 329728K, used 226809K [0x0000000080000000, 0x0000000100000000)
  region size 1024K, 2 young (2048K), 2 survivors (2048K)
 Metaspace       used 97302K, committed 98048K, reserved 1138688K
  class space    used 13098K, committed 13440K, reserved 1048576K
}
Event: 29.039 GC heap before
{Heap before GC invocations=36 (full 0):
 garbage-first heap   total 329728K, used 275961K [0x0000000080000000, 0x0000000100000000)
  region size 1024K, 45 young (46080K), 2 survivors (2048K)
 Metaspace       used 97955K, committed 98688K, reserved 1138688K
  class space    used 13154K, committed 13504K, reserved 1048576K
}
Event: 29.048 GC heap after
{Heap after GC invocations=37 (full 0):
 garbage-first heap   total 329728K, used 242113K [0x0000000080000000, 0x0000000100000000)
  region size 1024K, 6 young (6144K), 6 survivors (6144K)
 Metaspace       used 97955K, committed 98688K, reserved 1138688K
  class space    used 13154K, committed 13504K, reserved 1048576K
}
Event: 29.345 GC heap before
{Heap before GC invocations=38 (full 0):
 garbage-first heap   total 439296K, used 283073K [0x0000000080000000, 0x0000000100000000)
  region size 1024K, 38 young (38912K), 6 survivors (6144K)
 Metaspace       used 99021K, committed 99712K, reserved 1138688K
  class space    used 13254K, committed 13568K, reserved 1048576K
}
Event: 29.358 GC heap after
{Heap after GC invocations=39 (full 0):
 garbage-first heap   total 439296K, used 253679K [0x0000000080000000, 0x0000000100000000)
  region size 1024K, 5 young (5120K), 5 survivors (5120K)
 Metaspace       used 99021K, committed 99712K, reserved 1138688K
  class space    used 13254K, committed 13568K, reserved 1048576K
}
Event: 29.483 GC heap before
{Heap before GC invocations=39 (full 0):
 garbage-first heap   total 439296K, used 271087K [0x0000000080000000, 0x0000000100000000)
  region size 1024K, 21 young (21504K), 5 survivors (5120K)
 Metaspace       used 99232K, committed 99968K, reserved 1138688K
  class space    used 13271K, committed 13632K, reserved 1048576K
}
Event: 29.498 GC heap after
{Heap after GC invocations=40 (full 0):
 garbage-first heap   total 439296K, used 262143K [0x0000000080000000, 0x0000000100000000)
  region size 1024K, 3 young (3072K), 3 survivors (3072K)
 Metaspace       used 99232K, committed 99968K, reserved 1138688K
  class space    used 13271K, committed 13632K, reserved 1048576K
}
Event: 30.087 GC heap before
{Heap before GC invocations=40 (full 0):
 garbage-first heap   total 439296K, used 340991K [0x0000000080000000, 0x0000000100000000)
  region size 1024K, 76 young (77824K), 3 survivors (3072K)
 Metaspace       used 101462K, committed 102208K, reserved 1138688K
  class space    used 13748K, committed 14080K, reserved 1048576K
}
Event: 30.129 GC heap after
{Heap after GC invocations=41 (full 0):
 garbage-first heap   total 439296K, used 295935K [0x0000000080000000, 0x0000000100000000)
  region size 1024K, 10 young (10240K), 10 survivors (10240K)
 Metaspace       used 101462K, committed 102208K, reserved 1138688K
  class space    used 13748K, committed 14080K, reserved 1048576K
}
Event: 30.418 GC heap before
{Heap before GC invocations=41 (full 0):
 garbage-first heap   total 439296K, used 348159K [0x0000000080000000, 0x0000000100000000)
  region size 1024K, 62 young (63488K), 10 survivors (10240K)
 Metaspace       used 101672K, committed 102400K, reserved 1138688K
  class space    used 13757K, committed 14080K, reserved 1048576K
}

