# JRE version: OpenJDK Runtime Environment Temurin-17.0.3+7 (17.0.3+7) (build 17.0.3+7)
# Java VM: OpenJDK 64-Bit Server VM Temurin-17.0.3+7 (17.0.3+7, mixed mode, sharing, tiered, compressed oops, compressed class ptrs, g1 gc, windows-amd64)
GC Precious Log:
 CPUs: 8 total, 8 available
 Memory: 16221M
 Large Page Support: Disabled
 NUMA Support: Disabled
 Compressed Oops: Enabled (32-bit)
 Heap Region Size: 1M
 Heap Min Capacity: 8M
 Heap Initial Capacity: 254M
 Heap Max Capacity: 2G
 Pre-touch: Disabled
 Parallel Workers: 8
 Concurrent Workers: 2
 Concurrent Refinement Workers: 8
 Periodic GC: Disabled
Heap:
 garbage-first heap   total 370688K, used 202003K [0x0000000080000000, 0x0000000100000000)
  region size 1024K, 2 young (2048K), 2 survivors (2048K)
 Metaspace       used 129254K, committed 130112K, reserved 1163264K
  class space    used 17511K, committed 17920K, reserved 1048576K
GC Heap History (20 events):
Event: 41.651 GC heap after
{Heap after GC invocations=42 (full 0):
 garbage-first heap   total 295936K, used 142788K [0x0000000080000000, 0x0000000100000000)
  region size 1024K, 2 young (2048K), 2 survivors (2048K)
 Metaspace       used 109400K, committed 110208K, reserved 1146880K
  class space    used 15034K, committed 15424K, reserved 1048576K
}
Event: 2634.398 GC heap before
{Heap before GC invocations=42 (full 0):
 garbage-first heap   total 295936K, used 282052K [0x0000000080000000, 0x0000000100000000)
  region size 1024K, 92 young (94208K), 2 survivors (2048K)
 Metaspace       used 113030K, committed 113856K, reserved 1146880K
  class space    used 15518K, committed 15872K, reserved 1048576K
}
Event: 2634.416 GC heap after
{Heap after GC invocations=43 (full 0):
 garbage-first heap   total 295936K, used 138181K [0x0000000080000000, 0x0000000100000000)
  region size 1024K, 2 young (2048K), 2 survivors (2048K)
 Metaspace       used 113030K, committed 113856K, reserved 1146880K
  class space    used 15518K, committed 15872K, reserved 1048576K
}
Event: 6096.890 GC heap before
{Heap before GC invocations=44 (full 0):
 garbage-first heap   total 295936K, used 274373K [0x0000000080000000, 0x0000000100000000)
  region size 1024K, 107 young (109568K), 2 survivors (2048K)
 Metaspace       used 114470K, committed 115200K, reserved 1155072K
  class space    used 15724K, committed 16064K, reserved 1048576K
}
Event: 6096.899 GC heap after
{Heap after GC invocations=45 (full 0):
 garbage-first heap   total 295936K, used 179414K [0x0000000080000000, 0x0000000100000000)
  region size 1024K, 13 young (13312K), 13 survivors (13312K)
 Metaspace       used 114470K, committed 115200K, reserved 1155072K
  class space    used 15724K, committed 16064K, reserved 1048576K
}
Event: 6096.909 GC heap before
{Heap before GC invocations=45 (full 0):
 garbage-first heap   total 295936K, used 184534K [0x0000000080000000, 0x0000000100000000)
  region size 1024K, 14 young (14336K), 13 survivors (13312K)
 Metaspace       used 114474K, committed 115200K, reserved 1155072K
  class space    used 15725K, committed 16064K, reserved 1048576K
}
Event: 6096.930 GC heap after
{Heap after GC invocations=46 (full 0):
 garbage-first heap   total 295936K, used 171670K [0x0000000080000000, 0x0000000100000000)
  region size 1024K, 1 young (1024K), 1 survivors (1024K)
 Metaspace       used 114474K, committed 115200K, reserved 1155072K
  class space    used 15725K, committed 16064K, reserved 1048576K
}
Event: 6097.814 GC heap before
{Heap before GC invocations=46 (full 0):
 garbage-first heap   total 295936K, used 245398K [0x0000000080000000, 0x0000000100000000)
  region size 1024K, 73 young (74752K), 1 survivors (1024K)
 Metaspace       used 118933K, committed 119744K, reserved 1155072K
  class space    used 16368K, committed 16768K, reserved 1048576K
}
Event: 6097.819 GC heap after
{Heap after GC invocations=47 (full 0):
 garbage-first heap   total 295936K, used 176256K [0x0000000080000000, 0x0000000100000000)
  region size 1024K, 6 young (6144K), 6 survivors (6144K)
 Metaspace       used 118933K, committed 119744K, reserved 1155072K
  class space    used 16368K, committed 16768K, reserved 1048576K
}
Event: 6098.308 GC heap before
{Heap before GC invocations=47 (full 0):
 garbage-first heap   total 295936K, used 217216K [0x0000000080000000, 0x0000000100000000)
  region size 1024K, 47 young (48128K), 6 survivors (6144K)
 Metaspace       used 120853K, committed 121664K, reserved 1155072K
  class space    used 16588K, committed 16960K, reserved 1048576K
}
Event: 6098.317 GC heap after
{Heap after GC invocations=48 (full 0):
 garbage-first heap   total 295936K, used 181583K [0x0000000080000000, 0x0000000100000000)
  region size 1024K, 10 young (10240K), 10 survivors (10240K)
 Metaspace       used 120853K, committed 121664K, reserved 1155072K
  class space    used 16588K, committed 16960K, reserved 1048576K
}
Event: 6099.157 GC heap before
{Heap before GC invocations=49 (full 0):
 garbage-first heap   total 350208K, used 262479K [0x0000000080000000, 0x0000000100000000)
  region size 1024K, 69 young (70656K), 10 survivors (10240K)
 Metaspace       used 125589K, committed 126400K, reserved 1163264K
  class space    used 17121K, committed 17472K, reserved 1048576K
}
Event: 6099.167 GC heap after
{Heap after GC invocations=50 (full 0):
 garbage-first heap   total 350208K, used 209750K [0x0000000080000000, 0x0000000100000000)
  region size 1024K, 8 young (8192K), 8 survivors (8192K)
 Metaspace       used 125589K, committed 126400K, reserved 1163264K
  class space    used 17121K, committed 17472K, reserved 1048576K
}
Event: 6099.299 GC heap before
{Heap before GC invocations=50 (full 0):
 garbage-first heap   total 350208K, used 218966K [0x0000000080000000, 0x0000000100000000)
  region size 1024K, 17 young (17408K), 8 survivors (8192K)
 Metaspace       used 126147K, committed 126912K, reserved 1163264K
  class space    used 17191K, committed 17536K, reserved 1048576K
}
Event: 6099.316 GC heap after
{Heap after GC invocations=51 (full 0):
 garbage-first heap   total 350208K, used 194026K [0x0000000080000000, 0x0000000100000000)
  region size 1024K, 2 young (2048K), 2 survivors (2048K)
 Metaspace       used 126147K, committed 126912K, reserved 1163264K
  class space    used 17191K, committed 17536K, reserved 1048576K
}
Event: 6099.936 GC heap before
{Heap before GC invocations=51 (full 0):
 garbage-first heap   total 350208K, used 269802K [0x0000000080000000, 0x0000000100000000)
  region size 1024K, 77 young (78848K), 2 survivors (2048K)
 Metaspace       used 128090K, committed 128896K, reserved 1163264K
  class space    used 17398K, committed 17792K, reserved 1048576K
}
Event: 6099.944 GC heap after
{Heap after GC invocations=52 (full 0):
 garbage-first heap   total 350208K, used 201148K [0x0000000080000000, 0x0000000100000000)
  region size 1024K, 9 young (9216K), 9 survivors (9216K)
 Metaspace       used 128090K, committed 128896K, reserved 1163264K
  class space    used 17398K, committed 17792K, reserved 1048576K
}
Event: 6100.481 GC heap before
{Heap before GC invocations=53 (full 0):
 garbage-first heap   total 370688K, used 274876K [0x0000000080000000, 0x0000000100000000)
  region size 1024K, 82 young (83968K), 9 survivors (9216K)
 Metaspace       used 128977K, committed 129792K, reserved 1163264K
  class space    used 17477K, committed 17856K, reserved 1048576K
}
Event: 6100.492 GC heap after
{Heap after GC invocations=54 (full 0):
 garbage-first heap   total 370688K, used 206825K [0x0000000080000000, 0x0000000100000000)
  region size 1024K, 6 young (6144K), 6 survivors (6144K)
 Metaspace       used 128977K, committed 129792K, reserved 1163264K
  class space    used 17477K, committed 17856K, reserved 1048576K
}
Event: 6100.716 GC heap before
{Heap before GC invocations=54 (full 0):
 garbage-first heap   total 370688K, used 218089K [0x0000000080000000, 0x0000000100000000)
  region size 1024K, 18 young (18432K), 6 survivors (6144K)
 Metaspace       used 129254K, committed 130112K, reserved 1163264K
  class space    used 17511K, committed 17920K, reserved 1048576K
}

