# JRE version: OpenJDK Runtime Environment Temurin-17.0.3+7 (17.0.3+7) (build 17.0.3+7)
# Java VM: OpenJDK 64-Bit Server VM Temurin-17.0.3+7 (17.0.3+7, mixed mode, sharing, tiered, compressed oops, compressed class ptrs, g1 gc, windows-amd64)
GC Precious Log:
 CPUs: 8 total, 8 available
 Memory: 16221M
 Large Page Support: Disabled
 NUMA Support: Disabled
 Compressed Oops: Enabled (32-bit)
 Heap Region Size: 1M
 Heap Min Capacity: 8M
 Heap Initial Capacity: 254M
 Heap Max Capacity: 2G
 Pre-touch: Disabled
 Parallel Workers: 8
 Concurrent Workers: 2
 Concurrent Refinement Workers: 8
 Periodic GC: Disabled
Heap:
 garbage-first heap   total 163840K, used 101481K [0x0000000080000000, 0x0000000100000000)
  region size 1024K, 17 young (17408K), 1 survivors (1024K)
 Metaspace       used 76731K, committed 77376K, reserved 1122304K
  class space    used 10617K, committed 10944K, reserved 1048576K
GC Heap History (20 events):
Event: 7.152 GC heap before
{Heap before GC invocations=24 (full 0):
 garbage-first heap   total 136192K, used 99810K [0x0000000080000000, 0x0000000100000000)
  region size 1024K, 41 young (41984K), 3 survivors (3072K)
 Metaspace       used 57479K, committed 58048K, reserved 1105920K
  class space    used 7685K, committed 7936K, reserved 1048576K
}
Event: 7.157 GC heap after
{Heap after GC invocations=25 (full 0):
 garbage-first heap   total 136192K, used 64034K [0x0000000080000000, 0x0000000100000000)
  region size 1024K, 6 young (6144K), 6 survivors (6144K)
 Metaspace       used 57479K, committed 58048K, reserved 1105920K
  class space    used 7685K, committed 7936K, reserved 1048576K
}
Event: 7.440 GC heap before
{Heap before GC invocations=25 (full 0):
 garbage-first heap   total 136192K, used 101922K [0x0000000080000000, 0x0000000100000000)
  region size 1024K, 43 young (44032K), 6 survivors (6144K)
 Metaspace       used 58867K, committed 59328K, reserved 1105920K
  class space    used 7854K, committed 8064K, reserved 1048576K
}
Event: 7.446 GC heap after
{Heap after GC invocations=26 (full 0):
 garbage-first heap   total 136192K, used 67238K [0x0000000080000000, 0x0000000100000000)
  region size 1024K, 4 young (4096K), 4 survivors (4096K)
 Metaspace       used 58867K, committed 59328K, reserved 1105920K
  class space    used 7854K, committed 8064K, reserved 1048576K
}
Event: 7.885 GC heap before
{Heap before GC invocations=26 (full 0):
 garbage-first heap   total 136192K, used 104102K [0x0000000080000000, 0x0000000100000000)
  region size 1024K, 40 young (40960K), 4 survivors (4096K)
 Metaspace       used 63194K, committed 63680K, reserved 1105920K
  class space    used 8626K, committed 8832K, reserved 1048576K
}
Event: 7.889 GC heap after
{Heap after GC invocations=27 (full 0):
 garbage-first heap   total 136192K, used 69534K [0x0000000080000000, 0x0000000100000000)
  region size 1024K, 3 young (3072K), 3 survivors (3072K)
 Metaspace       used 63194K, committed 63680K, reserved 1105920K
  class space    used 8626K, committed 8832K, reserved 1048576K
}
Event: 8.213 GC heap before
{Heap before GC invocations=28 (full 0):
 garbage-first heap   total 136192K, used 106398K [0x0000000080000000, 0x0000000100000000)
  region size 1024K, 39 young (39936K), 3 survivors (3072K)
 Metaspace       used 64707K, committed 65216K, reserved 1105920K
  class space    used 8860K, committed 9088K, reserved 1048576K
}
Event: 8.220 GC heap after
{Heap after GC invocations=29 (full 0):
 garbage-first heap   total 136192K, used 73109K [0x0000000080000000, 0x0000000100000000)
  region size 1024K, 5 young (5120K), 5 survivors (5120K)
 Metaspace       used 64707K, committed 65216K, reserved 1105920K
  class space    used 8860K, committed 9088K, reserved 1048576K
}
Event: 8.607 GC heap before
{Heap before GC invocations=29 (full 0):
 garbage-first heap   total 136192K, used 108949K [0x0000000080000000, 0x0000000100000000)
  region size 1024K, 40 young (40960K), 5 survivors (5120K)
 Metaspace       used 67369K, committed 67904K, reserved 1114112K
  class space    used 9238K, committed 9472K, reserved 1048576K
}
Event: 8.614 GC heap after
{Heap after GC invocations=30 (full 0):
 garbage-first heap   total 163840K, used 76034K [0x0000000080000000, 0x0000000100000000)
  region size 1024K, 3 young (3072K), 3 survivors (3072K)
 Metaspace       used 67369K, committed 67904K, reserved 1114112K
  class space    used 9238K, committed 9472K, reserved 1048576K
}
Event: 9.348 GC heap before
{Heap before GC invocations=31 (full 0):
 garbage-first heap   total 163840K, used 130306K [0x0000000080000000, 0x0000000100000000)
  region size 1024K, 56 young (57344K), 3 survivors (3072K)
 Metaspace       used 73115K, committed 73664K, reserved 1114112K
  class space    used 10027K, committed 10304K, reserved 1048576K
}
Event: 9.355 GC heap after
{Heap after GC invocations=32 (full 0):
 garbage-first heap   total 163840K, used 80195K [0x0000000080000000, 0x0000000100000000)
  region size 1024K, 7 young (7168K), 7 survivors (7168K)
 Metaspace       used 73115K, committed 73664K, reserved 1114112K
  class space    used 10027K, committed 10304K, reserved 1048576K
}
Event: 9.363 GC heap before
{Heap before GC invocations=32 (full 0):
 garbage-first heap   total 163840K, used 81219K [0x0000000080000000, 0x0000000100000000)
  region size 1024K, 8 young (8192K), 7 survivors (7168K)
 Metaspace       used 73149K, committed 73728K, reserved 1114112K
  class space    used 10030K, committed 10304K, reserved 1048576K
}
Event: 9.369 GC heap after
{Heap after GC invocations=33 (full 0):
 garbage-first heap   total 163840K, used 80554K [0x0000000080000000, 0x0000000100000000)
  region size 1024K, 1 young (1024K), 1 survivors (1024K)
 Metaspace       used 73149K, committed 73728K, reserved 1114112K
  class space    used 10030K, committed 10304K, reserved 1048576K
}
Event: 10.086 GC heap before
{Heap before GC invocations=33 (full 0):
 garbage-first heap   total 163840K, used 130730K [0x0000000080000000, 0x0000000100000000)
  region size 1024K, 51 young (52224K), 1 survivors (1024K)
 Metaspace       used 76000K, committed 76672K, reserved 1122304K
  class space    used 10552K, committed 10880K, reserved 1048576K
}
Event: 10.091 GC heap after
{Heap after GC invocations=34 (full 0):
 garbage-first heap   total 163840K, used 84325K [0x0000000080000000, 0x0000000100000000)
  region size 1024K, 5 young (5120K), 5 survivors (5120K)
 Metaspace       used 76000K, committed 76672K, reserved 1122304K
  class space    used 10552K, committed 10880K, reserved 1048576K
}
Event: 10.720 GC heap before
{Heap before GC invocations=35 (full 0):
 garbage-first heap   total 163840K, used 131429K [0x0000000080000000, 0x0000000100000000)
  region size 1024K, 52 young (53248K), 5 survivors (5120K)
 Metaspace       used 76384K, committed 77056K, reserved 1122304K
  class space    used 10569K, committed 10880K, reserved 1048576K
}
Event: 10.726 GC heap after
{Heap after GC invocations=36 (full 0):
 garbage-first heap   total 163840K, used 87168K [0x0000000080000000, 0x0000000100000000)
  region size 1024K, 4 young (4096K), 4 survivors (4096K)
 Metaspace       used 76384K, committed 77056K, reserved 1122304K
  class space    used 10569K, committed 10880K, reserved 1048576K
}
Event: 10.750 GC heap before
{Heap before GC invocations=36 (full 0):
 garbage-first heap   total 163840K, used 90240K [0x0000000080000000, 0x0000000100000000)
  region size 1024K, 8 young (8192K), 4 survivors (4096K)
 Metaspace       used 76405K, committed 77056K, reserved 1122304K
  class space    used 10569K, committed 10880K, reserved 1048576K
}
Event: 10.753 GC heap after
{Heap after GC invocations=37 (full 0):
 garbage-first heap   total 163840K, used 87145K [0x0000000080000000, 0x0000000100000000)
  region size 1024K, 1 young (1024K), 1 survivors (1024K)
 Metaspace       used 76405K, committed 77056K, reserved 1122304K
  class space    used 10569K, committed 10880K, reserved 1048576K
}

